TN:
SF:/Users/andeladeveloper/Documents/javascript/github/checkpoint1-invertedIndex/public/js/invertedIndex.js
FN:10,(anonymous_1)
FN:18,(anonymous_2)
FN:27,(anonymous_3)
FN:37,(anonymous_4)
FN:46,(anonymous_5)
FN:59,(anonymous_6)
FN:74,(anonymous_7)
FN:94,(anonymous_8)
FN:105,(anonymous_9)
FN:133,(anonymous_10)
FN:151,(anonymous_11)
FN:165,(anonymous_12)
FNF:12
FNH:11
FNDA:2,(anonymous_1)
FNDA:0,(anonymous_2)
FNDA:2,(anonymous_3)
FNDA:2,(anonymous_4)
FNDA:2,(anonymous_5)
FNDA:9,(anonymous_6)
FNDA:4,(anonymous_7)
FNDA:13,(anonymous_8)
FNDA:3,(anonymous_9)
FNDA:2,(anonymous_10)
FNDA:50,(anonymous_11)
FNDA:1,(anonymous_12)
DA:11,2
DA:19,0
DA:28,2
DA:29,2
DA:38,2
DA:39,2
DA:47,2
DA:48,1
DA:49,1
DA:52,1
DA:60,9
DA:62,9
DA:63,27
DA:64,27
DA:67,9
DA:75,4
DA:76,4
DA:78,4
DA:79,12
DA:82,4
DA:84,4
DA:85,4
DA:95,13
DA:96,13
DA:97,319
DA:106,3
DA:107,3
DA:108,3
DA:109,3
DA:111,3
DA:112,9
DA:113,9
DA:115,9
DA:116,225
DA:117,132
DA:119,93
DA:123,9
DA:126,3
DA:134,2
DA:135,2
DA:137,2
DA:138,50
DA:140,2
DA:152,50
DA:153,50
DA:154,200
DA:156,50
DA:166,1
DA:167,1
DA:169,1
DA:170,1
DA:171,25
DA:172,2
DA:176,1
DA:177,0
DA:178,0
DA:179,0
DA:181,0
DA:184,0
DA:187,1
LF:60
LH:54
BRDA:48,1,0,1
BRDA:48,1,1,0
BRDA:48,2,0,1
BRDA:48,2,1,1
BRDA:116,3,0,132
BRDA:116,3,1,93
BRDA:171,4,0,2
BRDA:171,4,1,23
BRDA:176,5,0,0
BRDA:176,5,1,1
BRDA:178,6,0,0
BRDA:178,6,1,0
BRF:12
BRH:8
end_of_record
